<?xml version="1.0" encoding="UTF-8"?>
<testng-results ignored="0" total="2" passed="2" failed="0" skipped="0">
  <reporter-output>
  </reporter-output>
  <suite started-at="2022-11-25T03:31:54 EST" name="OrangeHRM" finished-at="2022-11-25T03:32:31 EST" duration-ms="36999">
    <groups>
    </groups>
    <test started-at="2022-11-25T03:31:54 EST" name="TestNG" finished-at="2022-11-25T03:32:31 EST" duration-ms="36999">
      <class name="testlayer.LoginTest">
        <test-method is-config="true" signature="initsetup()[pri:0, instance:testlayer.LoginTest@72057ecf]" started-at="2022-11-25T03:31:54 EST" name="initsetup" finished-at="2022-11-25T03:32:00 EST" duration-ms="6038" status="PASS">
          <reporter-output>
          </reporter-output>
        </test-method> <!-- initsetup -->
        <test-method signature="Title()[pri:1, instance:testlayer.LoginTest@72057ecf]" started-at="2022-11-25T03:32:00 EST" name="Title" finished-at="2022-11-25T03:32:00 EST" duration-ms="9" status="PASS">
          <reporter-output>
          </reporter-output>
        </test-method> <!-- Title -->
        <test-method is-config="true" signature="close()[pri:0, instance:testlayer.LoginTest@72057ecf]" started-at="2022-11-25T03:32:00 EST" name="close" finished-at="2022-11-25T03:32:16 EST" duration-ms="16249" status="PASS">
          <reporter-output>
          </reporter-output>
        </test-method> <!-- close -->
        <test-method is-config="true" signature="initsetup()[pri:0, instance:testlayer.LoginTest@72057ecf]" started-at="2022-11-25T03:32:16 EST" name="initsetup" finished-at="2022-11-25T03:32:22 EST" duration-ms="5373" status="PASS">
          <reporter-output>
          </reporter-output>
        </test-method> <!-- initsetup -->
        <test-method signature="Login()[pri:2, instance:testlayer.LoginTest@72057ecf]" started-at="2022-11-25T03:32:22 EST" name="Login" finished-at="2022-11-25T03:32:31 EST" duration-ms="9161" status="PASS">
          <reporter-output>
          </reporter-output>
        </test-method> <!-- Login -->
        <test-method is-config="true" signature="close()[pri:0, instance:testlayer.LoginTest@72057ecf]" started-at="2022-11-25T03:32:31 EST" name="close" finished-at="2022-11-25T03:32:31 EST" duration-ms="132" status="PASS">
          <reporter-output>
          </reporter-output>
        </test-method> <!-- close -->
      </class> <!-- testlayer.LoginTest -->
    </test> <!-- TestNG -->
  </suite> <!-- OrangeHRM -->
</testng-results>
